This file contains any messages produced by compilers while
running configure, to aid debugging if configure makes a mistake.

It was created by GNU C Library configure (see version.h), which was
generated by GNU Autoconf 2.72.  Invocation command line was

  $ ../configure --prefix=/home/saraj/glibc-custom-32 --disable-werror

## --------- ##
## Platform. ##
## --------- ##

hostname = saraj-Standard-PC-Q35-ICH9-2009
uname -m = x86_64
uname -r = 6.8.0-65-generic
uname -s = Linux
uname -v = #68~22.04.1-Ubuntu SMP PREEMPT_DYNAMIC Tue Jul 15 18:06:34 UTC 2

/usr/bin/uname -p = x86_64
/bin/uname -X     = unknown

/bin/arch              = x86_64
/usr/bin/arch -k       = unknown
/usr/convex/getsysinfo = unknown
/usr/bin/hostinfo      = unknown
/bin/machine           = unknown
/usr/bin/oslevel       = unknown
/bin/universe          = unknown

PATH: /home/saraj/binutils-2.41/bin/
PATH: /usr/local/sbin/
PATH: /usr/local/bin/
PATH: /usr/sbin/
PATH: /usr/bin/
PATH: /sbin/
PATH: /bin/
PATH: /usr/games/
PATH: /usr/local/games/
PATH: /snap/bin/
PATH: /snap/bin/


## ----------- ##
## Core tests. ##
## ----------- ##

configure:2697: looking for aux files: install-sh config.guess config.sub
configure:2710:  trying ../scripts/
configure:2721:   ../scripts/install-sh found
configure:2739:   ../scripts/config.guess found
configure:2739:   ../scripts/config.sub found
configure:2939: checking build system type
configure:2955: result: i686-pc-linux-gnu
configure:2975: checking host system type
configure:2990: result: i686-pc-linux-gnu
configure:3074: checking for gcc
configure:3107: result: gcc-12 -m32
configure:3466: checking for C compiler version
configure:3475: gcc-12 -m32 --version >&5
gcc-12 (Ubuntu 12.3.0-1ubuntu1~22.04.2) 12.3.0
Copyright (C) 2022 Free Software Foundation, Inc.
This is free software; see the source for copying conditions.  There is NO
warranty; not even for MERCHANTABILITY or FITNESS FOR A PARTICULAR PURPOSE.

configure:3486: $? = 0
configure:3475: gcc-12 -m32 -v >&5
Using built-in specs.
COLLECT_GCC=gcc-12
COLLECT_LTO_WRAPPER=/usr/lib/gcc/x86_64-linux-gnu/12/lto-wrapper
OFFLOAD_TARGET_NAMES=nvptx-none:amdgcn-amdhsa
OFFLOAD_TARGET_DEFAULT=1
Target: x86_64-linux-gnu
Configured with: ../src/configure -v --with-pkgversion='Ubuntu 12.3.0-1ubuntu1~22.04.2' --with-bugurl=file:///usr/share/doc/gcc-12/README.Bugs --enable-languages=c,ada,c++,go,d,fortran,objc,obj-c++,m2 --prefix=/usr --with-gcc-major-version-only --program-suffix=-12 --program-prefix=x86_64-linux-gnu- --enable-shared --enable-linker-build-id --libexecdir=/usr/lib --without-included-gettext --enable-threads=posix --libdir=/usr/lib --enable-nls --enable-clocale=gnu --enable-libstdcxx-debug --enable-libstdcxx-time=yes --with-default-libstdcxx-abi=new --enable-gnu-unique-object --disable-vtable-verify --enable-plugin --enable-default-pie --with-system-zlib --enable-libphobos-checking=release --with-target-system-zlib=auto --enable-objc-gc=auto --enable-multiarch --disable-werror --enable-cet --with-arch-32=i686 --with-abi=m64 --with-multilib-list=m32,m64,mx32 --enable-multilib --with-tune=generic --enable-offload-targets=nvptx-none=/build/gcc-12-dNWB6h/gcc-12-12.3.0/debian/tmp-nvptx/usr,amdgcn-amdhsa=/build/gcc-12-dNWB6h/gcc-12-12.3.0/debian/tmp-gcn/usr --enable-offload-defaulted --without-cuda-driver --enable-checking=release --build=x86_64-linux-gnu --host=x86_64-linux-gnu --target=x86_64-linux-gnu
Thread model: posix
Supported LTO compression algorithms: zlib zstd
gcc version 12.3.0 (Ubuntu 12.3.0-1ubuntu1~22.04.2) 
... rest of stderr output deleted ...
configure:3486: $? = 0
configure:3475: gcc-12 -m32 -V >&5
gcc-12: error: unrecognized command-line option '-V'
gcc-12: fatal error: no input files
compilation terminated.
configure:3486: $? = 1
configure:3475: gcc-12 -m32 -qversion >&5
gcc-12: error: unrecognized command-line option '-qversion'; did you mean '--version'?
gcc-12: fatal error: no input files
compilation terminated.
configure:3486: $? = 1
configure:3475: gcc-12 -m32 -version >&5
gcc-12: error: unrecognized command-line option '-version'
gcc-12: fatal error: no input files
compilation terminated.
configure:3486: $? = 1
configure:3491: checking for suffix of object files
configure:3514: gcc-12 -m32 -c   conftest.c >&5
configure:3518: $? = 0
configure:3542: result: o
configure:3546: checking whether the compiler supports GNU C
configure:3566: gcc-12 -m32 -c   conftest.c >&5
configure:3566: $? = 0
configure:3578: result: yes
configure:3589: checking whether gcc-12 -m32 accepts -g
configure:3610: gcc-12 -m32 -c -g  conftest.c >&5
configure:3610: $? = 0
configure:3657: result: yes
configure:3677: checking for gcc-12 -m32 option to enable C11 features
configure:3692: gcc-12 -m32  -c -g -O2  conftest.c >&5
configure:3692: $? = 0
configure:3711: result: none needed
configure:4049: checking for C++ compiler version
configure:4058: g++-12 -m32 --version >&5
g++-12 (Ubuntu 12.3.0-1ubuntu1~22.04.2) 12.3.0
Copyright (C) 2022 Free Software Foundation, Inc.
This is free software; see the source for copying conditions.  There is NO
warranty; not even for MERCHANTABILITY or FITNESS FOR A PARTICULAR PURPOSE.

configure:4069: $? = 0
configure:4058: g++-12 -m32 -v >&5
Using built-in specs.
COLLECT_GCC=g++-12
COLLECT_LTO_WRAPPER=/usr/lib/gcc/x86_64-linux-gnu/12/lto-wrapper
OFFLOAD_TARGET_NAMES=nvptx-none:amdgcn-amdhsa
OFFLOAD_TARGET_DEFAULT=1
Target: x86_64-linux-gnu
Configured with: ../src/configure -v --with-pkgversion='Ubuntu 12.3.0-1ubuntu1~22.04.2' --with-bugurl=file:///usr/share/doc/gcc-12/README.Bugs --enable-languages=c,ada,c++,go,d,fortran,objc,obj-c++,m2 --prefix=/usr --with-gcc-major-version-only --program-suffix=-12 --program-prefix=x86_64-linux-gnu- --enable-shared --enable-linker-build-id --libexecdir=/usr/lib --without-included-gettext --enable-threads=posix --libdir=/usr/lib --enable-nls --enable-clocale=gnu --enable-libstdcxx-debug --enable-libstdcxx-time=yes --with-default-libstdcxx-abi=new --enable-gnu-unique-object --disable-vtable-verify --enable-plugin --enable-default-pie --with-system-zlib --enable-libphobos-checking=release --with-target-system-zlib=auto --enable-objc-gc=auto --enable-multiarch --disable-werror --enable-cet --with-arch-32=i686 --with-abi=m64 --with-multilib-list=m32,m64,mx32 --enable-multilib --with-tune=generic --enable-offload-targets=nvptx-none=/build/gcc-12-dNWB6h/gcc-12-12.3.0/debian/tmp-nvptx/usr,amdgcn-amdhsa=/build/gcc-12-dNWB6h/gcc-12-12.3.0/debian/tmp-gcn/usr --enable-offload-defaulted --without-cuda-driver --enable-checking=release --build=x86_64-linux-gnu --host=x86_64-linux-gnu --target=x86_64-linux-gnu
Thread model: posix
Supported LTO compression algorithms: zlib zstd
gcc version 12.3.0 (Ubuntu 12.3.0-1ubuntu1~22.04.2) 
... rest of stderr output deleted ...
configure:4069: $? = 0
configure:4058: g++-12 -m32 -V >&5
g++-12: error: unrecognized command-line option '-V'
g++-12: fatal error: no input files
compilation terminated.
configure:4069: $? = 1
configure:4058: g++-12 -m32 -qversion >&5
g++-12: error: unrecognized command-line option '-qversion'; did you mean '--version'?
g++-12: fatal error: no input files
compilation terminated.
configure:4069: $? = 1
configure:4073: checking whether the compiler supports GNU C++
configure:4093: g++-12 -m32 -c   conftest.cpp >&5
configure:4093: $? = 0
configure:4105: result: yes
configure:4116: checking whether g++-12 -m32 accepts -g
configure:4137: g++-12 -m32 -c -g  conftest.cpp >&5
configure:4137: $? = 0
configure:4184: result: yes
configure:4204: checking for g++-12 -m32 option to enable C++11 features
configure:4219: g++-12 -m32  -c -g -O2  conftest.cpp >&5
conftest.cpp: In function 'int main(int, char**)':
conftest.cpp:177:25: warning: empty parentheses were disambiguated as a function declaration [-Wvexing-parse]
  177 |   cxx11test::delegate d2();
      |                         ^~
conftest.cpp:177:25: note: remove parentheses to default-initialize a variable
  177 |   cxx11test::delegate d2();
      |                         ^~
      |                         --
conftest.cpp:177:25: note: or replace parentheses with braces to value-initialize a variable
configure:4219: $? = 0
configure:4238: result: none needed
configure:4316: checking whether g++-12 -m32 can link programs
configure:4340: g++-12 -m32 -o conftest -g -O2   conftest.cpp  >&5
/home/saraj/binutils-2.41/bin/ld: /lib32/libc.so.6: undefined reference to `__nptl_change_stack_perm@GLIBC_PRIVATE'
collect2: error: ld returned 1 exit status
configure:4340: $? = 1
configure: failed program was:
| /* confdefs.h */
| #define PACKAGE_NAME "GNU C Library"
| #define PACKAGE_TARNAME "glibc"
| #define PACKAGE_VERSION "(see version.h)"
| #define PACKAGE_STRING "GNU C Library (see version.h)"
| #define PACKAGE_BUGREPORT "https://sourceware.org/bugzilla/"
| #define PACKAGE_URL "https://www.gnu.org/software/glibc/"
| #define PKGVERSION "(GNU libc) "
| #define REPORT_BUGS_TO "<https://www.gnu.org/software/libc/bugs.html>"
| /* end confdefs.h.  */
| 
| int
| main (void)
| {
| 
|   ;
|   return 0;
| }
configure:4366: g++-12 -m32 -o conftest -g -O2   -static conftest.cpp  >&5
configure:4366: $? = 0
configure:4385: result: no
configure:4842: gcc-12 -m32 -E  conftest.c
conftest.c:18:3: error: #error no CET compiler support
   18 | # error no CET compiler support
      |   ^~~~~
configure:4842: $? = 1
configure: failed program was:
| /* confdefs.h */
| #define PACKAGE_NAME "GNU C Library"
| #define PACKAGE_TARNAME "glibc"
| #define PACKAGE_VERSION "(see version.h)"
| #define PACKAGE_STRING "GNU C Library (see version.h)"
| #define PACKAGE_BUGREPORT "https://sourceware.org/bugzilla/"
| #define PACKAGE_URL "https://www.gnu.org/software/glibc/"
| #define PKGVERSION "(GNU libc) "
| #define REPORT_BUGS_TO "<https://www.gnu.org/software/libc/bugs.html>"
| #define TIMEOUTFACTOR 1
| /* end confdefs.h.  */
| 
| int
| main (void)
| {
| 
| #ifndef __CET__
| # error no CET compiler support
| #endif
|   ;
|   return 0;
| }
configure:4952: checking for sysdeps preconfigure fragments
configure:6: checking for egrep -e
configure:136: result: /usr/bin/grep -E
configure:6: checking for egrep -e
configure:136: result: /usr/bin/grep -E
configure:4959: result: 
configure:5005: checking for a BSD-compatible install
configure:5079: result: /usr/bin/install -c
configure:5094: checking whether ln -s works
configure:5098: result: yes
configure:5302: checking for ld
configure:5335: result: ld
configure:5350: checking version of ld
configure:5360: result: 2.41, ok
configure:5377: checking for gnumake
configure:5413: result: no
configure:5377: checking for gmake
configure:5398: found /usr/bin/gmake
configure:5410: result: gmake
configure:5425: checking version of gmake
configure:5435: result: 4.3, ok
configure:5447: checking for gnumsgfmt
configure:5483: result: no
configure:5447: checking for gmsgfmt
configure:5483: result: no
configure:5447: checking for msgfmt
configure:5483: result: no
configure:5516: checking for makeinfo
configure:5537: found /usr/bin/makeinfo
configure:5549: result: makeinfo
configure:5564: checking version of makeinfo
configure:5574: result: 6.8, ok
configure:5585: checking for sed
configure:5606: found /usr/bin/sed
configure:5618: result: sed
configure:5633: checking version of sed
configure:5643: result: 4.8, ok
configure:5654: checking for gawk
configure:5675: found /usr/bin/gawk
configure:5687: result: gawk
configure:5702: checking version of gawk
configure:5712: result: 5.1.0, ok
configure:5723: checking for bison
configure:5744: found /usr/bin/bison
configure:5756: result: bison
configure:5771: checking version of bison
configure:5781: result: 3.8.2, ok
configure:5790: checking if gcc-12 -m32 is sufficient to build libc
configure:5811: gcc-12 -m32 -E  conftest.c
configure:5811: $? = 0
configure:5821: result: yes
configure:5911: checking for python3
configure:5932: found /usr/bin/python3
configure:5944: result: python3
configure:5959: checking version of python3
configure:5969: result: 3.10.12, ok
configure:5983: WARNING:
*** These auxiliary programs are missing or incompatible versions: msgfmt
*** some features or tests will be disabled.
*** Check the INSTALL file for required versions.
configure:5994: checking for use of fpu sysdeps directories
configure:6015: result: yes
configure:6032: checking for clang in testing
configure:6039: gcc-12 -m32 -g -O2  -c conftest.c -o conftest 1>&5
conftest.c:3:2: error: #error Not Clang!
    3 | #error Not Clang!
      |  ^~~~~
configure:6042: $? = 1
configure:6051: result: no
configure:6067: checking for clang++ in testing
configure:6074:  -g -O2  -c conftest.cc -o conftest 1>&5
../configure: line 6075: -g: command not found
configure:6077: $? = 127
configure:6086: result: no
configure:6138: checking for -fstack-protector
configure:6145: gcc-12 -m32 -Werror -fstack-protector -xc /dev/null -S -o /dev/null
configure:6148: $? = 0
configure:6158: result: yes
configure:6194: checking for -fstack-protector-strong
configure:6201: gcc-12 -m32 -g -O2  -Werror -fstack-protector-strong -xc /dev/null -S -o /dev/null
configure:6204: $? = 0
configure:6215: result: yes
configure:6218: checking for -fstack-protector-all
configure:6225: gcc-12 -m32 -g -O2  -Werror -fstack-protector-all -xc /dev/null -S -o /dev/null
configure:6228: $? = 0
configure:6239: result: yes
configure:6287: checking for assembler and linker STT_GNU_IFUNC support

Relocation section '.rel.dyn' at offset 0x1c0 contains 1 entry:
 Offset     Info    Type            Sym.Value  Sym. Name
00002000  0000002a R_386_IRELATIVE  
configure:6320: result: yes
configure:6324: checking for gcc attribute ifunc support
configure:6352: result: yes
configure:6357: checking whether the linker supports textrels along with ifunc
configure:6388: gcc-12 -m32 -g -O2   -nostartfiles -nostdlib -fno-stack-protector -pie -o conftest conftest.S
/home/saraj/binutils-2.41/bin/ld: /tmp/ccoczXQH.o: warning: relocation against `address' in read-only section `.text'
/home/saraj/binutils-2.41/bin/ld: warning: GNU indirect functions with DT_TEXTREL may result in a segfault at runtime; recompile with -fPIE
/home/saraj/binutils-2.41/bin/ld: warning: creating DT_TEXTREL in a PIE
configure:6391: $? = 0
configure:6399: result: yes
configure:6404: checking for GNU attribute retain support
configure:6421: result: yes
configure:6431: checking if compiler warns about alias for function with incompatible types
conftest.c:9:34: error: 'foo_alias' alias between functions of incompatible types 'int(const void *, int)' and 'int (*(void))(const void *, int)' [-Werror=attribute-alias=]
    9 | extern __typeof (__redirect_foo) foo_alias __attribute__ ((alias ("foo")));
      |                                  ^~~~~~~~~
conftest.c:4:28: note: aliased declaration here
    4 | __typeof (__redirect_foo) *foo_impl (void)
      |                            ^~~~~~~~
cc1: all warnings being treated as errors
configure:6455: result: yes
configure:6493: checking sysdep dirs
configure:6691: result: sysdeps/generic
configure:6742: checking LD_LIBRARY_PATH variable
configure:6752: result: ok
configure:6763: checking for bash
configure:6786: found /usr/bin/bash
configure:6800: result: /usr/bin/bash
configure:6811: checking for perl
configure:6834: found /usr/bin/perl
configure:6848: result: /usr/bin/perl
configure:6862: checking for install-info
configure:6886: found /usr/bin/install-info
configure:6900: result: /usr/bin/install-info
configure:6909: checking for .set assembler directive
/home/saraj/binutils-2.41/bin/ld: warning: /tmp/ccc830wF.o: missing .note.GNU-stack section implies executable stack
/home/saraj/binutils-2.41/bin/ld: NOTE: This behaviour is deprecated and will be removed in a future version of the linker
configure:6937: result: yes
configure:6944: checking linker support for protected data symbol
configure:6955: gcc-12 -m32 -nostdlib -nostartfiles -fno-stack-protector -fPIC -shared conftest.c -o conftest.so
configure:6958: $? = 0
configure:6965: gcc-12 -m32 -nostdlib -nostartfiles -fno-stack-protector conftest.c -o conftest conftest.so
/home/saraj/binutils-2.41/bin/ld: warning: cannot find entry symbol _start; defaulting to 00001000
configure:6968: $? = 0
configure:6977: result: yes
configure:6981: checking linker support for INSERT in linker script
configure:7000: gcc-12 -m32 -nostdlib -nostartfiles -fno-stack-protector -fPIC -shared conftest.c -Wl,-T,conftest.t -o conftest.so
/home/saraj/binutils-2.41/bin/ld: .rela.dyn not found for insert
collect2: error: ld returned 1 exit status
configure:7003: $? = 1
configure:7011: result: no
configure:7015: checking for broken __attribute__((alias()))
configure:7031: gcc-12 -m32 -Werror -S conftest.c -o conftest.s 1>&5
configure:7034: $? = 0
configure:7045: result: no
configure:7051: checking whether to put _rtld_local into .sdata section
configure:7067: result: no
configure:7074: checking for libunwind-support in compiler
configure:7093: result: no
configure:7102: checking whether --noexecstack is desirable for .S files
configure:7113: gcc-12 -m32 -g -O2 
		   -S -o conftest.s conftest.c 1>&5
configure:7116: $? = 0
configure:7121: gcc-12 -m32  -Wa,--noexecstack
		      -c -o conftest.o conftest.s 1>&5
configure:7124: $? = 0
configure:7134: result: yes
configure:7141: checking for linker that supports --no-error-execstack
configure:7151: gcc-12 -m32 -g -O2   -fno-stack-protector
		  -Wl,--no-error-execstack -nostdlib -nostartfiles
		  -fPIC -shared -o conftest.so conftest.c
		  1>&5
/home/saraj/binutils-2.41/bin/ld: unrecognized option '--no-error-execstack'
/home/saraj/binutils-2.41/bin/ld: use the --help option for usage information
collect2: error: ld returned 1 exit status
configure:7154: $? = 1
configure:7171: result: no
configure:7175: checking for linker that supports -z execstack
configure:7185: gcc-12 -m32 -g -O2   -fno-stack-protector
		  -Wl,-z,execstack -nostdlib -nostartfiles
		  -fPIC -shared -o conftest.so conftest.c
		  1>&5
configure:7188: $? = 0
configure:7205: result: yes
configure:7209: checking for linker that supports -z start-stop-gc
configure:7219: gcc-12 -m32 -g -O2   -fno-stack-protector
		  -Wl,-z,start-stop-gc -nostdlib -nostartfiles
		  -fPIC -shared -o conftest.so conftest.c
		  1>&5
configure:7222: $? = 0
configure:7239: result: yes
configure:7244: checking for linker that supports --depaudit
configure:7254: gcc-12 -m32 -g -O2   -fno-stack-protector
		  -Wl,--depaudit,x -nostdlib -nostartfiles
		  -fPIC -shared -o conftest.so conftest.c
		  1>&5
configure:7257: $? = 0
configure:7274: result: yes
configure:7279: checking for linker that supports -z pack-relative-relocs
configure:7289: gcc-12 -m32 -g -O2   -fno-stack-protector
		  -Wl,-z,pack-relative-relocs -nostdlib -nostartfiles
		  -fPIC -shared -o conftest.so conftest.c
		  1>&5
configure:7292: $? = 0
configure:7309: result: yes
configure:7314: checking for linker that supports --no-dynamic-linker
configure:7324: gcc-12 -m32 -g -O2   -fno-stack-protector
		  -Wl,--no-dynamic-linker -nostdlib -nostartfiles
		  -fPIC -shared -o conftest.so conftest.c
		  1>&5
configure:7327: $? = 0
configure:7344: result: yes
configure:7350: checking for -static-pie
configure:7357: gcc-12 -m32 -static-pie -xc /dev/null -S -o /dev/null
configure:7360: $? = 0
configure:7370: result: yes
configure:7410: checking for -fpie
configure:7417: gcc-12 -m32 -fpie -xc /dev/null -S -o /dev/null
configure:7420: $? = 0
configure:7431: result: yes
configure:7436: checking for GLOB_DAT reloc
configure:7450: gcc-12 -m32 -g -O2  
			-fPIC -shared -o conftest.so conftest.c
			-nostdlib -nostartfiles -fno-stack-protector
			1>&5
configure:7453: $? = 0
configure:7467: result: yes
configure:7485: checking for tls descriptor support in testing
configure:7492: gcc-12 -m32 -g -O2  -fPIC -mtls-dialect=gnu2 -nostdlib -nostartfiles -shared conftest.c -o conftest 1>&5
configure:7495: $? = 0
configure:7504: result: gnu2
configure:7520: checking for traditional tls support in testing
configure:7527: gcc-12 -m32 -g -O2  -fPIC -mtls-dialect=gnu -nostdlib -nostartfiles -shared conftest.c -o conftest 1>&5
configure:7530: $? = 0
configure:7539: result: gnu
configure:7559: checking if -Wno-ignored-attributes is required for aliases
configure:7566: gcc-12 -m32 -g -O2  -c -Werror -Wno-ignored-attributes conftest.c -o conftest 1>&5
conftest.c:5:1: error: attribute 'alias' argument not a string
    5 | extern __typeof (__foo) foo __attribute__ ((weak, alias (__foo)));
      | ^~~~~~
conftest.c:6:1: error: attribute 'alias' argument not a string
    6 | extern __typeof (__foo) bar __attribute__ ((weak, alias (foo)));
      | ^~~~~~
configure:7569: $? = 1
configure:7579: result: 
configure:7617: checking whether cc puts quotes around section names
configure:7640: result: no
configure:7647: checking for __builtin_memset
configure:7660: gcc-12 -m32 -O3 -S conftest.c -o - | grep -F memset > /dev/null
configure:7663: $? = 1
configure:7673: result: yes
configure:7680: checking for redirection of built-in functions
configure:7694: gcc-12 -m32 -O3 -S conftest.c -o - | grep -F my_strstr > /dev/null
configure:7697: $? = 0
configure:7707: result: yes
configure:7713: checking for compiler option to disable generation of FMA instructions
configure:7722: gcc-12 -m32 -ffp-contract=off -xc /dev/null -S -o /dev/null
configure:7725: $? = 0
configure:7733: result: -ffp-contract=off
configure:7769: checking for compiler option that -fsignaling-nans
configure:7776: gcc-12 -m32 -Werror -fsignaling-nans -xc /dev/null -S -o /dev/null
configure:7779: $? = 0
configure:7789: result: -fsignaling-nans
configure:7832: checking -fsemantic-interposition in testing
configure:7839: gcc-12 -m32 -c -Werror -fsemantic-interposition -xc /dev/null -S -o /dev/null
configure:7842: $? = 0
configure:7853: result: yes
configure:7866: checking for -ffloat-store in testing
configure:7873: gcc-12 -m32 -Werror -ffloat-store -xc /dev/null -S -o /dev/null
configure:7876: $? = 0
configure:7886: result: -ffloat-store
configure:7904: checking if __attribute__ ((__optimize__("-fno-tree-loop-distribute-patterns"))) works
configure:7911: gcc-12 -m32 -g -O2  -c -Werror conftest.c -o conftest 1>&5
configure:7914: $? = 0
configure:7924: result: yes
configure:7969: checking for -Wimplicit-fallthrough
configure:7976: gcc-12 -m32 -Werror -Wimplicit-fallthrough -xc /dev/null -S -o /dev/null
configure:7979: $? = 0
configure:7989: result: -Wimplicit-fallthrough
configure:8029: checking for -Wfree-labels
configure:8036: gcc-12 -m32 -Werror -Wfree-labels -xc /dev/null -S -o /dev/null
gcc-12: error: unrecognized command-line option '-Wfree-labels'
configure:8039: $? = 1
configure:8049: result: 
configure:8089: checking for -Wmissing-parameter-name
configure:8096: gcc-12 -m32 -Werror -Wmissing-parameter-name -xc /dev/null -S -o /dev/null
gcc-12: error: unrecognized command-line option '-Wmissing-parameter-name'; did you mean '-Wmissing-parameter-type'?
configure:8099: $? = 1
configure:8109: result: 
configure:8166: checking support for trampolines in testing
configure:8173: gcc-12 -m32 -g -O2  -c -Werror conftest.c -o conftest 1>&5
configure:8176: $? = 0
configure:8186: result: yes
configure:8199: checking -Wno-restrict in testing
configure:8206: gcc-12 -m32 -c -Werror -Wno-restrict -xc /dev/null -S -o /dev/null
configure:8209: $? = 0
configure:8220: result: -Wno-restrict
configure:8233: checking -Wno-fortify-source in testing
configure:8240: gcc-12 -m32 -c -Werror -Wno-fortify-source -xc /dev/null -S -o /dev/null
configure:8243: $? = 0
configure:8254: result: -Wno-fortify-source
configure:8267: checking -finput-charset=ascii in testing
configure:8274: gcc-12 -m32 -c -Werror -finput-charset=ascii -xc /dev/null -S -o /dev/null
configure:8277: $? = 0
configure:8288: result: -finput-charset=ascii
configure:8301: checking  -finput-charset=ascii in testing
configure:8308:  -c -Werror -finput-charset=ascii -xc++ /dev/null -S -o /dev/null
../configure: line 8309: -c: command not found
configure:8311: $? = 127
configure:8322: result: 
configure:8355: checking for STB_GNU_UNIQUE in testing
configure:8362:  -g -O2  -c conftest.cc -o conftest 1>&5
../configure: line 8363: -g: command not found
configure:8365: $? = 127
configure:8381: result: no
configure:8390: checking for libgd
configure:8410: gcc-12 -m32 -o conftest -g -O2     conftest.c  -lgd -lpng -lz -lm >&5
conftest.c:22:10: fatal error: gd.h: No such file or directory
   22 | #include <gd.h>
      |          ^~~~~~
compilation terminated.
configure:8410: $? = 1
configure: failed program was:
| /* confdefs.h */
| #define PACKAGE_NAME "GNU C Library"
| #define PACKAGE_TARNAME "glibc"
| #define PACKAGE_VERSION "(see version.h)"
| #define PACKAGE_STRING "GNU C Library (see version.h)"
| #define PACKAGE_BUGREPORT "https://sourceware.org/bugzilla/"
| #define PACKAGE_URL "https://www.gnu.org/software/glibc/"
| #define PKGVERSION "(GNU libc) "
| #define REPORT_BUGS_TO "<https://www.gnu.org/software/libc/bugs.html>"
| #define TIMEOUTFACTOR 1
| #define USE_PPC_SCV 1
| #define HAVE_CC_NO_STACK_PROTECTOR 1
| #define HAVE_TEST_CC_NO_STACK_PROTECTOR 1
| #define STACK_PROTECTOR_LEVEL 0
| #define HAVE_GNU_RETAIN 1
| #define USE_MULTIARCH 1
| #define HAVE_ASM_SET_DIRECTIVE 1
| #define HAVE_BUILTIN_MEMSET 1
| #define HAVE_CC_INHIBIT_LOOP_TO_LIBCALL 1
| #define HAVE_TEST_CC_INHIBIT_LOOP_TO_LIBCALL 1
| /* end confdefs.h.  */
| #include <gd.h>
| int
| main (void)
| {
| gdImagePng (0, 0)
|   ;
|   return 0;
| }
configure:8425: result: no
configure:8434: checking for is_selinux_enabled in -lselinux
configure:8463: gcc-12 -m32 -o conftest -g -O2   conftest.c -lselinux   >&5
/home/saraj/binutils-2.41/bin/ld: cannot find -lselinux: No such file or directory
collect2: error: ld returned 1 exit status
configure:8463: $? = 1
configure: failed program was:
| /* confdefs.h */
| #define PACKAGE_NAME "GNU C Library"
| #define PACKAGE_TARNAME "glibc"
| #define PACKAGE_VERSION "(see version.h)"
| #define PACKAGE_STRING "GNU C Library (see version.h)"
| #define PACKAGE_BUGREPORT "https://sourceware.org/bugzilla/"
| #define PACKAGE_URL "https://www.gnu.org/software/glibc/"
| #define PKGVERSION "(GNU libc) "
| #define REPORT_BUGS_TO "<https://www.gnu.org/software/libc/bugs.html>"
| #define TIMEOUTFACTOR 1
| #define USE_PPC_SCV 1
| #define HAVE_CC_NO_STACK_PROTECTOR 1
| #define HAVE_TEST_CC_NO_STACK_PROTECTOR 1
| #define STACK_PROTECTOR_LEVEL 0
| #define HAVE_GNU_RETAIN 1
| #define USE_MULTIARCH 1
| #define HAVE_ASM_SET_DIRECTIVE 1
| #define HAVE_BUILTIN_MEMSET 1
| #define HAVE_CC_INHIBIT_LOOP_TO_LIBCALL 1
| #define HAVE_TEST_CC_INHIBIT_LOOP_TO_LIBCALL 1
| /* end confdefs.h.  */
| 
| /* Override any GCC internal prototype to avoid an error.
|    Use char because int might match the return type of a GCC
|    builtin and then its argument prototype would still apply.
|    The 'extern "C"' is for builds by C++ compilers;
|    although this is not generally supported in C code supporting it here
|    has little cost and some practical benefit (sr 110532).  */
| #ifdef __cplusplus
| extern "C"
| #endif
| char is_selinux_enabled (void);
| int
| main (void)
| {
| return is_selinux_enabled ();
|   ;
|   return 0;
| }
configure:8475: result: no
configure:8621: checking for maximum supported _FORTIFY_SOURCE level
configure:8639: gcc-12 -m32 -o conftest -g -O2   conftest.c  >&5
/home/saraj/binutils-2.41/bin/ld: /lib32/libc.so.6: undefined reference to `__nptl_change_stack_perm@GLIBC_PRIVATE'
collect2: error: ld returned 1 exit status
configure:8639: $? = 1
configure: failed program was:
| /* confdefs.h */
| #define PACKAGE_NAME "GNU C Library"
| #define PACKAGE_TARNAME "glibc"
| #define PACKAGE_VERSION "(see version.h)"
| #define PACKAGE_STRING "GNU C Library (see version.h)"
| #define PACKAGE_BUGREPORT "https://sourceware.org/bugzilla/"
| #define PACKAGE_URL "https://www.gnu.org/software/glibc/"
| #define PKGVERSION "(GNU libc) "
| #define REPORT_BUGS_TO "<https://www.gnu.org/software/libc/bugs.html>"
| #define TIMEOUTFACTOR 1
| #define USE_PPC_SCV 1
| #define HAVE_CC_NO_STACK_PROTECTOR 1
| #define HAVE_TEST_CC_NO_STACK_PROTECTOR 1
| #define STACK_PROTECTOR_LEVEL 0
| #define HAVE_GNU_RETAIN 1
| #define USE_MULTIARCH 1
| #define HAVE_ASM_SET_DIRECTIVE 1
| #define HAVE_BUILTIN_MEMSET 1
| #define HAVE_CC_INHIBIT_LOOP_TO_LIBCALL 1
| #define HAVE_TEST_CC_INHIBIT_LOOP_TO_LIBCALL 1
| /* end confdefs.h.  */
| 
| int
| main (void)
| {
| __builtin_dynamic_object_size("", 0)
|   ;
|   return 0;
| }
configure:8651: result: 2
configure:8742: gcc-12 -m32 -E  conftest.c
conftest.c:28:3: error: #error _FILE_OFFSET_BITS not defined
   28 | # error _FILE_OFFSET_BITS not defined
      |   ^~~~~
configure:8742: $? = 1
configure: failed program was:
| /* confdefs.h */
| #define PACKAGE_NAME "GNU C Library"
| #define PACKAGE_TARNAME "glibc"
| #define PACKAGE_VERSION "(see version.h)"
| #define PACKAGE_STRING "GNU C Library (see version.h)"
| #define PACKAGE_BUGREPORT "https://sourceware.org/bugzilla/"
| #define PACKAGE_URL "https://www.gnu.org/software/glibc/"
| #define PKGVERSION "(GNU libc) "
| #define REPORT_BUGS_TO "<https://www.gnu.org/software/libc/bugs.html>"
| #define TIMEOUTFACTOR 1
| #define USE_PPC_SCV 1
| #define HAVE_CC_NO_STACK_PROTECTOR 1
| #define HAVE_TEST_CC_NO_STACK_PROTECTOR 1
| #define STACK_PROTECTOR_LEVEL 0
| #define HAVE_GNU_RETAIN 1
| #define USE_MULTIARCH 1
| #define HAVE_ASM_SET_DIRECTIVE 1
| #define HAVE_BUILTIN_MEMSET 1
| #define HAVE_CC_INHIBIT_LOOP_TO_LIBCALL 1
| #define HAVE_TEST_CC_INHIBIT_LOOP_TO_LIBCALL 1
| /* end confdefs.h.  */
| 
| int
| main (void)
| {
| 
| #ifndef _FILE_OFFSET_BITS
| # error _FILE_OFFSET_BITS not defined
| #endif
|   ;
|   return 0;
| }
configure:8772: gcc-12 -m32 -E  conftest.c
conftest.c:28:3: error: #error _TIME_BITS not defined
   28 | # error _TIME_BITS not defined
      |   ^~~~~
configure:8772: $? = 1
configure: failed program was:
| /* confdefs.h */
| #define PACKAGE_NAME "GNU C Library"
| #define PACKAGE_TARNAME "glibc"
| #define PACKAGE_VERSION "(see version.h)"
| #define PACKAGE_STRING "GNU C Library (see version.h)"
| #define PACKAGE_BUGREPORT "https://sourceware.org/bugzilla/"
| #define PACKAGE_URL "https://www.gnu.org/software/glibc/"
| #define PKGVERSION "(GNU libc) "
| #define REPORT_BUGS_TO "<https://www.gnu.org/software/libc/bugs.html>"
| #define TIMEOUTFACTOR 1
| #define USE_PPC_SCV 1
| #define HAVE_CC_NO_STACK_PROTECTOR 1
| #define HAVE_TEST_CC_NO_STACK_PROTECTOR 1
| #define STACK_PROTECTOR_LEVEL 0
| #define HAVE_GNU_RETAIN 1
| #define USE_MULTIARCH 1
| #define HAVE_ASM_SET_DIRECTIVE 1
| #define HAVE_BUILTIN_MEMSET 1
| #define HAVE_CC_INHIBIT_LOOP_TO_LIBCALL 1
| #define HAVE_TEST_CC_INHIBIT_LOOP_TO_LIBCALL 1
| /* end confdefs.h.  */
| 
| int
| main (void)
| {
| 
| #ifndef _TIME_BITS
| # error _TIME_BITS not defined
| #endif
|   ;
|   return 0;
| }
configure:8788: checking whether the assembler requires one version per symbol
configure:8811: result: no
configure:8818: checking for __builtin_trap with no external dependencies
configure:8836: gcc-12 -m32 -c -g -O2  conftest.c >&5
configure:8836: $? = 0
libc_undefs=''
configure:8852: result: yes
configure:8859: checking whether the compiler supports __attribute__ ((aligned (65536)))
configure:8872: gcc-12 -m32 -c -g -O2  conftest.c >&5
configure:8872: $? = 0
configure:8883: result: yes
configure:8895: checking whether the C++ compiler supports thread_local
configure:8924:  -c -g -O2 -std=gnu++11  conftest.cpp >&5
../configure: line 1687: -c: command not found
configure:8924: $? = 127
configure: failed program was:
| /* confdefs.h */
| #define PACKAGE_NAME "GNU C Library"
| #define PACKAGE_TARNAME "glibc"
| #define PACKAGE_VERSION "(see version.h)"
| #define PACKAGE_STRING "GNU C Library (see version.h)"
| #define PACKAGE_BUGREPORT "https://sourceware.org/bugzilla/"
| #define PACKAGE_URL "https://www.gnu.org/software/glibc/"
| #define PKGVERSION "(GNU libc) "
| #define REPORT_BUGS_TO "<https://www.gnu.org/software/libc/bugs.html>"
| #define TIMEOUTFACTOR 1
| #define USE_PPC_SCV 1
| #define HAVE_CC_NO_STACK_PROTECTOR 1
| #define HAVE_TEST_CC_NO_STACK_PROTECTOR 1
| #define STACK_PROTECTOR_LEVEL 0
| #define HAVE_GNU_RETAIN 1
| #define USE_MULTIARCH 1
| #define HAVE_ASM_SET_DIRECTIVE 1
| #define HAVE_BUILTIN_MEMSET 1
| #define HAVE_CC_INHIBIT_LOOP_TO_LIBCALL 1
| #define HAVE_TEST_CC_INHIBIT_LOOP_TO_LIBCALL 1
| #define HAVE_BUILTIN_TRAP 1
| /* end confdefs.h.  */
| 
| #include <thread>
| 
| // Compiler support.
| struct S
| {
|   S ();
|   ~S ();
| };
| thread_local S s;
| S * get () { return &s; }
| 
| // libstdc++ support.
| #ifndef _GLIBCXX_HAVE___CXA_THREAD_ATEXIT_IMPL
| #error __cxa_thread_atexit_impl not supported
| #endif
| 
configure:8936: result: no
configure:8967: result: running configure fragment for sysdeps/unix/sysv/linux/i386
configure:8967: result: running configure fragment for sysdeps/unix/sysv/linux
configure:10: checking installed Linux kernel header files
configure:30: gcc-12 -m32 -E  conftest.c
configure:30: $? = 0
configure:40: result: 3.2.0 or later
configure:74: checking for kernel header at least 3.2.0
configure:93: gcc-12 -m32 -E  conftest.c
configure:93: $? = 0
configure:101: result: ok
configure:148: checking for symlinks in /home/saraj/glibc-custom-32/include
configure:165: result: ok
configure:8967: result: running configure fragment for sysdeps/gnu
configure:8967: result: running configure fragment for sysdeps/i386
configure:28: checking for compiler support of inlined builtin function __sync_val_compare_and_swap
configure:38: gcc-12 -m32 -g -O2   -fno-stack-protector
		     -O0 -nostdlib -nostartfiles
		     -S conftest.c -o - | grep -F __sync_val_compare_and_swap
		     1>&5
configure:41: $? = 1
configure:55: result: yes
configure:8967: result: running configure fragment for sysdeps/x86
configure:5: checking for linker x86 ISA level support
configure:63: gcc-12 -m32 -g -O2  -nostartfiles -nostdlib -r -o conftest conftest1.S conftest2.S
configure:66: $? = 0
configure:76: result: yes
configure:81: checking for LAHF/SAHF instruction support
configure:89: gcc-12 -m32 -g -O2  -fverbose-asm -S -o - -x c /dev/null
configure:92: $? = 0
configure:98: result: no
configure:105: checking for MOVBE instruction support
configure:113: gcc-12 -m32 -g -O2  -fverbose-asm -S -o - -x c /dev/null
configure:116: $? = 0
configure:122: result: no
configure:131: checking for ISA level support
configure:157: result: 0
configure:186: checking if -mfpmath=387 works in testing
configure:193: gcc-12 -m32 -c -Werror -mfpmath=387 -xc /dev/null -S -o /dev/null
configure:196: $? = 0
configure:207: result: yes
configure:9032: checking whether -fPIC is default
conftest.c:2:3: error: #error PIC is default.
    2 | # error PIC is default.
      |   ^~~~~
configure:9050: result: yes
configure:9055: checking whether -fPIE is default
conftest.c:2:3: error: #error PIE is default.
    2 | # error PIE is default.
      |   ^~~~~
configure:9073: result: yes
configure:9082: checking PDE load address
configure:9110: result: 0x08048000
configure:9118: checking for linker that supports -Ttext-segment=0x08048000
configure:9128: gcc-12 -m32 -g -O2   -fno-stack-protector
		  -Wl,-Ttext-segment=0x08048000 -nostdlib -nostartfiles
		  -fPIC -shared -o conftest.so conftest.c
		  1>&5
configure:9131: $? = 0
configure:9148: result: yes
configure:9155: checking if compiler supports -mbranch-protection=gcs
configure:9162: gcc-12 -m32 -Werror -mbranch-protection=gcs -xc /dev/null -S -o /dev/null
gcc-12: error: unrecognized command-line option '-mbranch-protection=gcs'
configure:9165: $? = 1
configure:9175: result: no
configure:9216: checking for linker that supports -z gcs=always
configure:9226: gcc-12 -m32 -g -O2   -fno-stack-protector
		  -Wl,-z,gcs=always -nostdlib -nostartfiles
		  -fPIC -shared -o conftest.so conftest.c
		  1>&5
/home/saraj/binutils-2.41/bin/ld: warning: -z gcs=always ignored
configure:9229: $? = 0
configure:9246: result: no
configure:9251: checking if we can build programs as PIE
configure:9259: gcc-12 -m32 -c -g -O2  conftest.c >&5
configure:9259: $? = 0
configure:9267: result: yes
configure:9279: checking if we can build static PIE programs
configure:9290: gcc-12 -m32 -c -g -O2  conftest.c >&5
configure:9290: $? = 0
configure:9299: result: yes
configure:9320: checking whether gcc-12 -m32 can link against -lgcc_s
configure:9339: gcc-12 -m32 -o conftest -g -O2   conftest.c  -lgcc_s >&5
/home/saraj/binutils-2.41/bin/ld: /lib32/libc.so.6: undefined reference to `__nptl_change_stack_perm@GLIBC_PRIVATE'
collect2: error: ld returned 1 exit status
configure:9339: $? = 1
configure: failed program was:
| /* confdefs.h */
| #define PACKAGE_NAME "GNU C Library"
| #define PACKAGE_TARNAME "glibc"
| #define PACKAGE_VERSION "(see version.h)"
| #define PACKAGE_STRING "GNU C Library (see version.h)"
| #define PACKAGE_BUGREPORT "https://sourceware.org/bugzilla/"
| #define PACKAGE_URL "https://www.gnu.org/software/glibc/"
| #define PKGVERSION "(GNU libc) "
| #define REPORT_BUGS_TO "<https://www.gnu.org/software/libc/bugs.html>"
| #define TIMEOUTFACTOR 1
| #define USE_PPC_SCV 1
| #define HAVE_CC_NO_STACK_PROTECTOR 1
| #define HAVE_TEST_CC_NO_STACK_PROTECTOR 1
| #define STACK_PROTECTOR_LEVEL 0
| #define HAVE_GNU_RETAIN 1
| #define USE_MULTIARCH 1
| #define HAVE_ASM_SET_DIRECTIVE 1
| #define HAVE_BUILTIN_MEMSET 1
| #define HAVE_CC_INHIBIT_LOOP_TO_LIBCALL 1
| #define HAVE_TEST_CC_INHIBIT_LOOP_TO_LIBCALL 1
| #define HAVE_BUILTIN_TRAP 1
| #define __LINUX_KERNEL_VERSION (3 * 65536 + 2 * 256 + 0)
| #define __LINUX_KERNEL_VERSION_STR "3.2.0"
| #define __ABI_TAG_VERSION 3,2,0
| #define HAVE_INLINED_SYSCALLS 1
| #define NO_HIDDEN_EXTERN_FUNC_IN_PIE 1
| #define INCLUDE_X86_ISA_LEVEL 1
| #define MINIMUM_X86_ISA_LEVEL 0
| #define SUPPORT_STATIC_PIE 1
| #define EXPORT_UNWIND_FIND_FDE 1
| #define HAVE_IFUNC 1
| #define HAVE_GCC_IFUNC 1
| #define USE_NSCD 1
| #define USE_LDCONFIG 1
| #define ENABLE_STATIC_PIE 1
| /* end confdefs.h.  */
| 
| int
| main (void)
| {
| 
|   ;
|   return 0;
| }
configure:9351: result: no
configure:9622: creating ./config.status

## ---------------------- ##
## Running config.status. ##
## ---------------------- ##

This file was extended by GNU C Library config.status (see version.h), which was
generated by GNU Autoconf 2.72.  Invocation command line was

  CONFIG_FILES    = 
  CONFIG_HEADERS  = 
  CONFIG_LINKS    = 
  CONFIG_COMMANDS = 
  $ ./config.status 

on saraj-Standard-PC-Q35-ICH9-2009

config.status:1003: creating config.make
config.status:1003: creating Makefile
config.status:1003: creating config.h
config.status:1177: executing default commands

## ---------------- ##
## Cache variables. ##
## ---------------- ##

ac_cv_build=i686-pc-linux-gnu
ac_cv_c_compiler_gnu=yes
ac_cv_cxx_compiler_gnu=yes
ac_cv_env_CCC_set=
ac_cv_env_CCC_value=
ac_cv_env_CC_set=set
ac_cv_env_CC_value='gcc-12 -m32'
ac_cv_env_CFLAGS_set=
ac_cv_env_CFLAGS_value=
ac_cv_env_CPPFLAGS_set=
ac_cv_env_CPPFLAGS_value=
ac_cv_env_CPP_set=
ac_cv_env_CPP_value=
ac_cv_env_CXXFLAGS_set=
ac_cv_env_CXXFLAGS_value=
ac_cv_env_CXX_set=set
ac_cv_env_CXX_value='g++-12 -m32'
ac_cv_env_LDFLAGS_set=
ac_cv_env_LDFLAGS_value=
ac_cv_env_LIBS_set=
ac_cv_env_LIBS_value=
ac_cv_env_TEST_CC_set=
ac_cv_env_TEST_CC_value=
ac_cv_env_TEST_CXX_set=
ac_cv_env_TEST_CXX_value=
ac_cv_env_build_alias_set=
ac_cv_env_build_alias_value=
ac_cv_env_host_alias_set=
ac_cv_env_host_alias_value=
ac_cv_env_target_alias_set=
ac_cv_env_target_alias_value=
ac_cv_host=i686-pc-linux-gnu
ac_cv_lib_selinux_is_selinux_enabled=no
ac_cv_objext=o
ac_cv_path_BASH_SHELL=/usr/bin/bash
ac_cv_path_EGREP_TRADITIONAL='/usr/bin/grep -E'
ac_cv_path_INSTALL_INFO=/usr/bin/install-info
ac_cv_path_PERL=/usr/bin/perl
ac_cv_path_install='/usr/bin/install -c'
ac_cv_prog_AWK=gawk
ac_cv_prog_BISON=bison
ac_cv_prog_LD=ld
ac_cv_prog_MAKE=gmake
ac_cv_prog_MAKEINFO=makeinfo
ac_cv_prog_PYTHON_PROG=python3
ac_cv_prog_SED=sed
ac_cv_prog_ac_ct_CC='gcc-12 -m32'
ac_cv_prog_cc_c11=
ac_cv_prog_cc_g=yes
ac_cv_prog_cc_stdc=
ac_cv_prog_cxx_cxx11=
ac_cv_prog_cxx_g=yes
ac_cv_prog_cxx_stdcxx=
glibc_cv_ld_version_ok=yes
libc_cv_aligned_65536=yes
libc_cv_as_noexecstack=yes
libc_cv_asm_set_directive=yes
libc_cv_broken_alias_attribute=no
libc_cv_builtin_trap=yes
libc_cv_cc_gcs=no
libc_cv_cc_loop_to_function=yes
libc_cv_cc_nofma=-ffp-contract=off
libc_cv_cc_pie_default=yes
libc_cv_cc_signaling_nans=-fsignaling-nans
libc_cv_cc_wfree_labels=
libc_cv_cc_wimplicit_fallthrough=-Wimplicit-fallthrough
libc_cv_cc_with_libunwind=no
libc_cv_cc_wmissing_parameter_name=
libc_cv_compiler_default_cet=no
libc_cv_compiler_default_file_offset_bits=no
libc_cv_compiler_default_time_bits=no
libc_cv_compiler_ok=yes
libc_cv_cxx_link_ok=no
libc_cv_cxx_thread_local=no
libc_cv_depaudit=yes
libc_cv_dt_relr=yes
libc_cv_fortify_source=no
libc_cv_fpie=yes
libc_cv_gcc_builtin_memset=yes
libc_cv_gcc_builtin_redirection=yes
libc_cv_gcc_incompatible_alias=yes
libc_cv_gcc_indirect_function=yes
libc_cv_gcc_unwind_find_fde=yes
libc_cv_gnu_retain=yes
libc_cv_has_glob_dat=yes
libc_cv_have_libgcc_s=no
libc_cv_have_sdata_section=no
libc_cv_have_section_quotes=no
libc_cv_have_test_cc_cflags_mfpmath_387=yes
libc_cv_have_x86_isa_level=0
libc_cv_have_x86_lahf_sahf=no
libc_cv_have_x86_movbe=no
libc_cv_idn=no
libc_cv_include_x86_isa_level=yes
libc_cv_insert=no
libc_cv_ld_gcs=no
libc_cv_ld_gnu_indirect_function=yes
libc_cv_linux320='3.2.0 or later'
libc_cv_load_address_ldflag=-Wl,-Ttext-segment
libc_cv_localstatedir='${prefix}/var'
libc_cv_multidir=32
libc_cv_no_dynamic_linker=yes
libc_cv_no_error_execstack=no
libc_cv_pde_load_address=0x08048000
libc_cv_pic_default=yes
libc_cv_pie_supported=yes
libc_cv_protected_data=yes
libc_cv_ssp=yes
libc_cv_ssp_all=yes
libc_cv_ssp_strong=yes
libc_cv_static_pie=yes
libc_cv_static_pie_supported=yes
libc_cv_supported_fortify_source=2
libc_cv_symver_needs_alias=no
libc_cv_sysconfdir='${prefix}/etc'
libc_cv_test_cc_cflags_fsemantic_interposition=yes
libc_cv_test_cc_float_store=-ffloat-store
libc_cv_test_cc_gcs=no
libc_cv_test_cc_loop_to_function=yes
libc_cv_test_cc_signaling_nans=-fsignaling-nans
libc_cv_test_cc_trampolines=yes
libc_cv_test_cc_wfree_labels=
libc_cv_test_cc_wimplicit_fallthrough=-Wimplicit-fallthrough
libc_cv_test_cc_wmissing_parameter_name=
libc_cv_test_cflags_finput_charset_ascii=-finput-charset=ascii
libc_cv_test_cflags_wno_fortify_source=-Wno-fortify-source
libc_cv_test_cflags_wno_restrict=-Wno-restrict
libc_cv_test_clang=no
libc_cv_test_clangxx=no
libc_cv_test_cxxflags_finput_charset_ascii=
libc_cv_test_mtls_descriptor=gnu2
libc_cv_test_mtls_traditional=gnu
libc_cv_test_ssp=yes
libc_cv_test_static_pie=yes
libc_cv_test_stb_gnu_unique=no
libc_cv_test_supported_fortify_source=2
libc_cv_test_wno_ignored_attributes=
libc_cv_textrel_ifunc=yes
libc_cv_unsupported_i386=no
libc_cv_with_fp=yes
libc_cv_with_lld=no
libc_cv_wno_ignored_attributes=
libc_cv_z_execstack=yes
libc_cv_z_start_stop_gc=yes

## ----------------- ##
## Output variables. ##
## ----------------- ##

AR='ar'
ASFLAGS_config=' -Wa,--noexecstack'
AUTOCONF='no'
AWK='gawk'
BASH_SHELL='/usr/bin/bash'
BISON='bison'
BUILD_CC=''
CC='gcc-12 -m32'
CFLAGS='-g -O2'
CPP='gcc-12 -m32 -E'
CPPFLAGS=''
CXX=''
CXXFLAGS='-g -O2'
CXX_BITS_STD_ABS_H=''
CXX_CMATH_HEADER=''
CXX_CSTDLIB_HEADER=''
CXX_SYSINCLUDES=''
DEFINES=''
DEFS='-DHAVE_CONFIG_H'
ECHO_C=''
ECHO_N='-n'
ECHO_T=''
GPROF='gprof'
INSTALL_DATA='${INSTALL} -m 644'
INSTALL_INFO='/usr/bin/install-info'
INSTALL_PROGRAM='${INSTALL}'
INSTALL_SCRIPT='${INSTALL}'
LD='ld'
LDFLAGS=''
LIBGD='no'
LIBOBJS=''
LIBS=''
LN_S='ln -s'
LTLIBOBJS=''
MAKE='gmake'
MAKEINFO='makeinfo'
MSGFMT=':'
NM='nm'
OBJCOPY='objcopy'
OBJDUMP='objdump'
OBJEXT='o'
PACKAGE_BUGREPORT='https://sourceware.org/bugzilla/'
PACKAGE_NAME='GNU C Library'
PACKAGE_STRING='GNU C Library (see version.h)'
PACKAGE_TARNAME='glibc'
PACKAGE_URL='https://www.gnu.org/software/glibc/'
PACKAGE_VERSION='(see version.h)'
PATH_SEPARATOR=':'
PERL='/usr/bin/perl'
PKGVERSION='(GNU libc) '
PKGVERSION_TEXI='(GNU libc) '
PYTHON='python3 -B'
PYTHON_PROG='python3'
READELF='readelf'
RELEASE='development'
REPORT_BUGS_TEXI='@uref{https://www.gnu.org/software/libc/bugs.html}'
REPORT_BUGS_TO='<https://www.gnu.org/software/libc/bugs.html>'
SED='sed'
SHELL='/bin/bash'
STRIP='strip'
SYSINCLUDES=''
TEST_CC='gcc-12 -m32'
TEST_CXX=''
VERSION='2.42.9000'
ac_ct_CC='gcc-12 -m32'
ac_ct_CXX=''
base_machine='i386'
bindir='${exec_prefix}/bin'
bindnow='no'
build='i686-pc-linux-gnu'
build_alias=''
build_cpu='i686'
build_nscd='yes'
build_os='linux-gnu'
build_pt_chown='no'
build_vendor='pc'
cross_compiling='no'
datadir='${datarootdir}'
datarootdir='${prefix}/share'
docdir='${datarootdir}/doc/${PACKAGE_TARNAME}'
dvidir='${docdir}'
enable_fortify_source='no'
enable_timezone_tools='yes'
enable_werror='no'
exec_prefix='${prefix}'
extra_nonshared_cflags=''
force_install='yes'
fortify_source='-U_FORTIFY_SOURCE'
hardcoded_path_in_tests='no'
have_libaudit=''
have_libcap=''
have_selinux='no'
host='i686-pc-linux-gnu'
host_alias=''
host_cpu='i686'
host_os='linux-gnu'
host_vendor='pc'
htmldir='${docdir}'
includedir='${prefix}/include'
infodir='${datarootdir}/info'
ldd_rewrite_script='no'
libc_cv_cc_loop_to_function='yes'
libc_cv_cc_nofma='-ffp-contract=off'
libc_cv_cc_submachine=''
libc_cv_cc_with_libunwind='no'
libc_cv_complocaledir=''
libc_cv_cxx_thread_local='no'
libc_cv_fortify_source='no'
libc_cv_fpie='yes'
libc_cv_gcc_unwind_find_fde='yes'
libc_cv_has_glob_dat='yes'
libc_cv_insert='no'
libc_cv_localstatedir='${prefix}/var'
libc_cv_multidir='32'
libc_cv_no_error_execstack='no'
libc_cv_protected_data='yes'
libc_cv_rootsbindir=''
libc_cv_rtlddir=''
libc_cv_slibdir=''
libc_cv_ssp='yes'
libc_cv_sysconfdir='${prefix}/etc'
libc_cv_test_cc_mprefer_vector_width=''
libc_cv_test_cc_signaling_nans='-fsignaling-nans'
libc_cv_test_cc_wfree_labels=''
libc_cv_test_cc_wimplicit_fallthrough='-Wimplicit-fallthrough'
libc_cv_test_cc_wmissing_parameter_name=''
libc_cv_test_static_pie='yes'
libc_cv_test_supported_fortify_source='2'
libc_cv_test_wno_ignored_attributes=''
libc_cv_test_x86_have_amx_tile=''
libc_cv_textrel_ifunc='yes'
libc_cv_with_fp='yes'
libc_cv_z_execstack='yes'
libc_extra_cflags=''
libc_extra_cppflags=''
libdir='${exec_prefix}/lib'
libexecdir='${exec_prefix}/libexec'
localedir='${datarootdir}/locale'
localstatedir='${prefix}/var'
mach_interface_list=''
man_pages_version='6.9.1'
mandir='${datarootdir}/man'
memory_tagging='no'
multi_arch='default'
no_file_offset_bits_source=''
no_fortify_source='-U_FORTIFY_SOURCE'
no_stack_protector='-fno-stack-protector -DSTACK_PROTECTOR_LEVEL=0'
no_time_bits_source=''
oldincludedir='/usr/include'
pdfdir='${docdir}'
prefix='/home/saraj/glibc-custom-32'
profile='no'
program_transform_name='s,x,x,'
psdir='${docdir}'
pthread_in_libc='yes'
rtld_early_cflags=''
runstatedir='${localstatedir}/run'
sbindir='${exec_prefix}/sbin'
shared='yes'
sharedstatedir='${prefix}/com'
stack_protector='-fno-stack-protector'
static=''
static_nss='no'
subdirs=' '
submachine=''
sysconfdir='${prefix}/etc'
sysheaders=''
sysnames=' sysdeps/unix/sysv/linux/i386/i686 sysdeps/i386/i686/nptl sysdeps/unix/sysv/linux/i386 sysdeps/unix/sysv/linux/x86 sysdeps/x86/nptl sysdeps/i386/nptl sysdeps/unix/sysv/linux sysdeps/nptl sysdeps/pthread sysdeps/gnu sysdeps/unix/inet sysdeps/unix/sysv sysdeps/unix/i386 sysdeps/unix sysdeps/posix sysdeps/i386/i686/fpu/multiarch sysdeps/i386/i686/fpu sysdeps/i386/i686/multiarch sysdeps/i386/i686 sysdeps/i386/fpu sysdeps/x86/fpu sysdeps/i386 sysdeps/x86 sysdeps/wordsize-32 sysdeps/ieee754/float128 sysdeps/ieee754/ldbl-96 sysdeps/ieee754/dbl-64 sysdeps/ieee754/flt-32 sysdeps/ieee754 sysdeps/generic'
target_alias=''
test_enable_cet=''
use_ldconfig='yes'
use_nscd='yes'

## ----------- ##
## confdefs.h. ##
## ----------- ##

/* confdefs.h */
#define PACKAGE_NAME "GNU C Library"
#define PACKAGE_TARNAME "glibc"
#define PACKAGE_VERSION "(see version.h)"
#define PACKAGE_STRING "GNU C Library (see version.h)"
#define PACKAGE_BUGREPORT "https://sourceware.org/bugzilla/"
#define PACKAGE_URL "https://www.gnu.org/software/glibc/"
#define PKGVERSION "(GNU libc) "
#define REPORT_BUGS_TO "<https://www.gnu.org/software/libc/bugs.html>"
#define TIMEOUTFACTOR 1
#define USE_PPC_SCV 1
#define HAVE_CC_NO_STACK_PROTECTOR 1
#define HAVE_TEST_CC_NO_STACK_PROTECTOR 1
#define STACK_PROTECTOR_LEVEL 0
#define HAVE_GNU_RETAIN 1
#define USE_MULTIARCH 1
#define HAVE_ASM_SET_DIRECTIVE 1
#define HAVE_BUILTIN_MEMSET 1
#define HAVE_CC_INHIBIT_LOOP_TO_LIBCALL 1
#define HAVE_TEST_CC_INHIBIT_LOOP_TO_LIBCALL 1
#define HAVE_BUILTIN_TRAP 1
#define __LINUX_KERNEL_VERSION (3 * 65536 + 2 * 256 + 0)
#define __LINUX_KERNEL_VERSION_STR "3.2.0"
#define __ABI_TAG_VERSION 3,2,0
#define HAVE_INLINED_SYSCALLS 1
#define NO_HIDDEN_EXTERN_FUNC_IN_PIE 1
#define INCLUDE_X86_ISA_LEVEL 1
#define MINIMUM_X86_ISA_LEVEL 0
#define SUPPORT_STATIC_PIE 1
#define EXPORT_UNWIND_FIND_FDE 1
#define HAVE_IFUNC 1
#define HAVE_GCC_IFUNC 1
#define USE_NSCD 1
#define USE_LDCONFIG 1
#define ENABLE_STATIC_PIE 1
#define PTHREAD_IN_LIBC 1

configure: exit 0
